<?xml version="1.0" encoding="UTF-8"?>
<!-- Generated by org.testng.reporters.JUnitXMLReporter -->
<testsuite hostname="CNTBTTEST1" ignored="1" name="test" tests="3" failures="0" timestamp="27 Apr 2017 13:20:59 GMT" time="45.104" errors="0">
  <testcase name="testMethodA" time="3.553" classname="excelExportAndFileIO.Dataprovider"/>
  <testcase name="testMethodA" time="3.138" classname="excelExportAndFileIO.Dataprovider"/>
  <testcase name="testMethodA" time="3.151" classname="excelExportAndFileIO.Dataprovider"/>
  <testcase name="testMethodB" time="0.0" classname="excelExportAndFileIO.Dataprovider">
    <ignored/>
  </testcase> <!-- testMethodB -->
</testsuite> <!-- test -->
