<?xml version="1.0" encoding="UTF-8"?>
<!-- Generated by org.testng.reporters.JUnitXMLReporter -->
<testsuite hostname="CNTBTTEST1" ignored="1" name="test1" tests="3" failures="0" timestamp="27 Apr 2017 13:21:21 GMT" time="22.394" errors="0">
  <testcase name="testMethodB" time="3.413" classname="excelExportAndFileIO.Dataprovider"/>
  <testcase name="testMethodB" time="3.158" classname="excelExportAndFileIO.Dataprovider"/>
  <testcase name="testMethodB" time="3.156" classname="excelExportAndFileIO.Dataprovider"/>
  <testcase name="testMethodA" time="0.0" classname="excelExportAndFileIO.Dataprovider">
    <ignored/>
  </testcase> <!-- testMethodA -->
</testsuite> <!-- test1 -->
